<?xml version="1.0" encoding="UTF-8"?>
<!--

    Copyright (C) 2015 Red Hat, Inc.

    Licensed under the Apache License, Version 2.0 (the "License");
    you may not use this file except in compliance with the License.
    You may obtain a copy of the License at

            http://www.apache.org/licenses/LICENSE-2.0

    Unless required by applicable law or agreed to in writing, software
    distributed under the License is distributed on an "AS IS" BASIS,
    WITHOUT WARRANTIES OR CONDITIONS OF ANY KIND, either express or implied.
    See the License for the specific language governing permissions and
    limitations under the License.

-->
<testsuites>
	<testsuite name="k8s.io" tests="2" skipped="1" failures="0" time="0.077">
		<testsuite name="k8s.io/kubernetes" tests="2" skipped="1" failures="0" time="0.077">
			<testsuite name="k8s.io/kubernetes/plugin" tests="2" skipped="1" failures="0" time="0.077">
				<testsuite name="k8s.io/kubernetes/plugin/pkg" tests="2" skipped="1" failures="0" time="0.077">
					<testsuite name="k8s.io/kubernetes/plugin/pkg/auth" tests="2" skipped="1" failures="0" time="0.077">
						<testsuite name="k8s.io/kubernetes/plugin/pkg/auth/authorizer" tests="2" skipped="1" failures="0" time="0.077">
							<testsuite name="k8s.io/kubernetes/plugin/pkg/auth/authorizer/node" tests="2" skipped="1" failures="0" time="0.077">
								<testcase name="TestAuthorizer" time="0"></testcase>
								<testcase name="TestPopulationMemoryUsage" time="0">
									<skipped message="=== RUN   TestPopulationMemoryUsage&#xA;--- SKIP: TestPopulationMemoryUsage (0.00s)&#xA;&#x9;node_authorizer_test.go:169: Skipping large population test. Run with TEST_POPULATION_MEMORY_USAGE=true to output memory profiles.&#xA;PASS"></skipped>
								</testcase>
							</testsuite>
						</testsuite>
					</testsuite>
				</testsuite>
			</testsuite>
		</testsuite>
	</testsuite>
</testsuites>
